SF:lib/models/product.dart
DA:11,2
LF:1
LH:1
end_of_record
SF:lib/utils/products_pagination.dart
DA:20,1
DA:31,1
DA:33,2
DA:34,2
DA:36,0
DA:38,0
DA:39,0
DA:40,0
DA:45,0
DA:46,0
DA:48,0
DA:49,0
DA:50,0
DA:56,0
DA:57,0
DA:62,0
DA:63,0
DA:65,0
DA:66,0
DA:67,0
DA:73,0
DA:78,1
DA:79,1
DA:80,1
DA:81,1
DA:82,1
DA:87,1
DA:88,1
DA:90,1
DA:91,6
DA:92,3
DA:98,1
DA:99,1
DA:101,1
DA:106,1
DA:107,1
DA:109,1
DA:110,6
DA:111,0
DA:117,7
DA:132,1
DA:140,1
DA:142,6
DA:143,5
DA:144,4
DA:145,4
DA:147,1
DA:149,1
DA:150,8
DA:152,1
DA:153,2
DA:154,1
DA:157,2
DA:163,1
DA:164,3
DA:165,1
DA:168,2
DA:188,7
DA:190,2
DA:191,2
DA:192,2
DA:193,6
DA:194,4
DA:195,1
DA:196,1
DA:197,2
DA:201,3
DA:202,9
DA:203,3
DA:204,4
DA:205,3
DA:207,3
DA:208,4
DA:209,6
DA:210,6
DA:211,2
DA:213,3
DA:214,2
DA:215,3
DA:216,3
DA:217,1
DA:224,2
DA:225,4
DA:226,6
DA:229,3
DA:230,3
DA:231,6
DA:232,7
DA:233,12
LF:89
LH:71
end_of_record
SF:lib/pages/autumn_collection.dart
DA:10,2
DA:16,1
DA:17,1
DA:38,2
DA:40,2
DA:41,2
DA:43,5
DA:45,6
DA:47,1
DA:49,1
DA:50,1
DA:52,1
DA:53,1
DA:54,1
DA:55,1
DA:56,2
DA:57,1
DA:61,1
DA:63,1
DA:65,1
DA:77,1
DA:78,1
DA:80,2
DA:86,1
DA:87,1
DA:88,1
DA:89,1
DA:90,1
DA:91,1
DA:92,5
DA:93,0
DA:99,2
DA:100,1
DA:102,1
DA:104,1
DA:112,1
DA:115,1
DA:121,1
DA:122,1
DA:123,1
DA:124,2
DA:125,1
DA:126,4
DA:127,1
DA:129,1
DA:130,0
DA:131,1
DA:133,2
DA:134,1
DA:136,1
DA:137,1
DA:138,1
DA:139,1
DA:142,0
DA:144,0
DA:146,1
DA:148,1
DA:150,1
DA:151,1
DA:156,1
DA:157,2
DA:158,2
DA:173,1
DA:174,1
DA:176,1
DA:177,0
DA:185,2
LF:67
LH:62
end_of_record
SF:lib/main.dart
DA:18,0
DA:19,0
DA:23,2
DA:25,0
DA:27,0
DA:30,0
DA:31,0
DA:36,0
DA:37,0
DA:38,0
DA:39,0
DA:40,0
DA:41,0
DA:43,0
DA:44,0
DA:45,0
DA:46,0
DA:47,0
DA:48,0
DA:49,0
DA:50,0
DA:51,0
DA:61,2
DA:63,0
DA:64,0
DA:67,0
DA:68,0
DA:71,0
DA:75,1
DA:77,1
DA:78,1
DA:79,1
DA:80,1
DA:81,1
DA:84,1
DA:87,1
DA:89,1
DA:90,1
DA:93,1
DA:95,1
DA:97,1
DA:98,1
DA:99,1
DA:101,1
DA:104,1
DA:110,2
DA:111,2
DA:114,1
DA:121,1
DA:123,2
DA:124,2
DA:136,1
DA:138,1
DA:139,1
DA:141,1
DA:143,1
DA:145,1
DA:146,1
DA:147,1
DA:149,1
DA:152,1
DA:158,2
DA:159,2
DA:162,1
DA:169,1
DA:170,2
DA:171,2
DA:183,1
DA:185,1
DA:187,1
DA:188,1
DA:189,1
DA:190,1
DA:192,1
DA:195,1
DA:201,1
DA:205,4
DA:208,1
DA:209,1
DA:210,1
DA:211,1
DA:212,1
DA:219,1
DA:220,1
DA:221,0
DA:222,1
DA:227,1
DA:228,1
DA:248,1
DA:250,1
DA:251,1
DA:253,1
DA:255,2
DA:256,2
DA:258,0
DA:260,0
DA:262,0
DA:264,0
DA:272,0
DA:277,0
DA:279,0
DA:282,0
DA:283,0
DA:284,0
DA:288,0
DA:297,1
DA:298,1
DA:300,1
DA:302,1
DA:304,1
DA:306,1
DA:307,1
DA:312,1
DA:314,2
DA:317,1
DA:318,0
DA:319,1
DA:323,2
DA:335,1
DA:337,1
DA:339,1
DA:358,1
DA:361,2
DA:362,1
DA:363,1
DA:366,1
DA:367,1
DA:368,1
DA:370,1
DA:372,1
DA:373,1
DA:375,1
DA:376,1
DA:377,1
DA:378,1
DA:379,1
DA:386,1
DA:394,1
DA:395,1
DA:397,1
DA:399,1
DA:401,1
DA:403,1
DA:405,1
DA:406,1
DA:408,1
DA:412,1
DA:414,1
DA:415,1
DA:417,1
DA:418,1
DA:419,1
DA:427,1
DA:428,1
DA:429,1
DA:442,1
DA:443,1
DA:444,1
DA:455,1
DA:457,1
DA:458,1
DA:460,1
DA:461,1
DA:462,1
DA:463,1
DA:464,1
DA:469,2
DA:475,1
DA:476,1
DA:477,1
DA:487,1
DA:491,1
DA:492,1
DA:493,1
DA:494,1
DA:495,1
DA:498,0
DA:500,0
DA:508,1
DA:510,1
DA:511,1
DA:513,1
DA:515,1
DA:523,1
DA:524,1
DA:525,1
DA:528,0
DA:529,0
DA:530,0
DA:532,0
DA:533,0
DA:534,0
DA:540,0
DA:553,1
DA:554,1
DA:555,1
DA:556,1
DA:557,2
DA:558,2
DA:562,1
DA:591,1
DA:593,2
DA:594,2
DA:634,2
DA:636,2
DA:638,2
DA:639,2
DA:642,2
DA:643,6
DA:644,0
DA:645,0
DA:646,0
DA:651,1
DA:652,4
DA:655,1
DA:656,2
DA:660,0
DA:661,0
DA:662,0
DA:665,1
DA:666,5
DA:667,1
DA:670,2
DA:672,4
DA:673,4
DA:674,2
DA:677,2
DA:679,2
DA:682,2
DA:683,2
DA:685,2
DA:686,2
DA:687,4
DA:688,2
DA:689,8
DA:690,2
DA:694,2
DA:695,2
DA:698,2
DA:700,2
DA:701,2
DA:702,8
DA:714,2
DA:715,8
DA:723,2
DA:724,0
DA:725,0
DA:727,0
DA:728,0
DA:729,0
DA:730,0
DA:731,0
DA:732,0
DA:733,0
DA:734,0
DA:739,2
DA:745,2
DA:746,8
DA:756,2
DA:760,2
DA:761,2
DA:765,2
DA:769,2
DA:773,2
DA:774,2
DA:778,2
DA:784,2
DA:788,2
DA:790,2
DA:792,2
DA:793,8
DA:794,4
DA:795,2
DA:796,0
DA:797,2
DA:801,2
DA:811,2
DA:812,2
DA:813,2
DA:814,2
DA:816,2
DA:817,4
DA:819,2
DA:838,1
DA:847,3
DA:849,13
DA:850,3
DA:851,8
DA:852,2
DA:853,6
DA:854,2
DA:855,12
DA:857,3
DA:858,2
DA:859,6
DA:861,3
DA:862,3
DA:863,3
DA:866,3
DA:867,3
DA:868,3
DA:869,3
DA:870,3
DA:874,2
DA:875,2
DA:876,2
DA:884,0
DA:886,3
DA:887,3
DA:888,3
DA:890,3
DA:894,3
DA:898,1
DA:899,1
DA:901,1
DA:902,1
DA:904,1
DA:909,3
DA:910,3
DA:911,3
DA:914,3
DA:928,2
DA:934,2
DA:936,2
DA:937,2
DA:940,2
DA:942,1
DA:943,1
DA:947,1
DA:948,1
DA:950,0
DA:951,0
DA:954,0
DA:955,0
DA:960,1
DA:961,1
DA:971,2
DA:973,1
DA:975,1
DA:977,1
DA:979,1
DA:980,1
DA:982,2
LF:343
LH:273
end_of_record
SF:lib/pages/about.dart
DA:7,2
DA:9,0
DA:10,0
DA:13,0
DA:17,0
DA:19,0
DA:24,0
DA:26,0
DA:27,0
DA:28,0
DA:32,0
DA:33,0
DA:35,0
DA:38,0
DA:40,0
DA:55,0
DA:57,0
DA:62,0
DA:64,0
DA:66,0
DA:71,0
DA:73,0
DA:78,0
DA:79,0
DA:80,0
DA:89,0
DA:96,0
DA:103,0
DA:110,0
DA:112,0
LF:30
LH:1
end_of_record
SF:lib/pages/product_page.dart
DA:17,1
DA:19,3
DA:20,3
DA:35,6
DA:38,1
DA:41,2
DA:42,0
DA:43,0
DA:44,0
DA:45,0
DA:47,1
DA:48,2
DA:49,2
DA:50,1
DA:51,1
DA:52,5
DA:53,1
DA:54,6
DA:56,2
DA:58,3
DA:59,3
DA:60,1
DA:62,3
DA:64,1
DA:66,0
DA:74,2
DA:76,2
DA:83,3
DA:85,3
DA:89,6
DA:90,2
DA:91,4
DA:92,4
DA:93,4
DA:96,15
DA:98,15
DA:101,3
DA:103,6
DA:104,3
DA:107,3
DA:111,7
DA:115,6
DA:116,5
DA:117,5
DA:118,5
DA:119,5
DA:121,3
DA:122,3
DA:123,3
DA:124,3
DA:125,6
DA:128,3
DA:131,3
DA:133,6
DA:135,6
DA:137,2
DA:139,2
DA:141,2
DA:143,2
DA:145,2
DA:146,2
DA:147,2
DA:148,2
DA:149,2
DA:150,2
DA:151,2
DA:152,4
DA:153,0
DA:154,0
DA:156,0
DA:158,2
DA:159,2
DA:160,4
DA:162,3
DA:169,2
DA:171,2
DA:173,4
DA:174,2
DA:175,4
DA:176,2
DA:178,2
DA:179,0
DA:180,0
DA:182,2
DA:183,2
DA:184,2
DA:185,2
DA:187,2
DA:188,2
DA:189,2
DA:190,4
DA:194,3
DA:210,2
DA:212,2
DA:214,2
DA:215,2
DA:216,5
DA:222,4
DA:223,12
DA:224,5
DA:225,2
DA:227,2
DA:228,6
DA:229,0
DA:231,0
DA:237,6
DA:241,2
DA:242,2
DA:244,2
DA:245,2
DA:247,2
DA:250,2
DA:252,2
DA:253,4
DA:254,2
DA:256,2
DA:257,2
DA:260,12
DA:262,0
DA:264,0
DA:265,0
DA:267,0
DA:268,0
DA:269,0
DA:273,0
DA:282,2
DA:283,2
DA:285,2
DA:288,2
DA:290,2
DA:291,4
DA:292,2
DA:294,2
DA:295,2
DA:298,12
DA:300,0
DA:301,0
DA:310,2
DA:312,2
DA:314,2
DA:317,2
DA:320,2
DA:321,4
DA:322,2
DA:324,2
DA:327,2
DA:328,2
DA:329,2
DA:333,0
DA:334,0
DA:337,2
DA:339,2
DA:340,6
DA:344,0
DA:345,0
DA:346,0
DA:350,2
DA:354,0
DA:371,2
DA:372,2
DA:373,2
DA:383,2
DA:386,2
DA:388,2
DA:392,2
DA:393,2
DA:394,2
DA:396,2
DA:398,2
DA:406,2
DA:408,2
DA:410,2
DA:411,2
DA:412,2
DA:413,2
DA:414,2
DA:415,2
DA:416,4
DA:417,0
DA:418,0
DA:419,0
DA:421,4
DA:422,4
DA:424,0
DA:432,2
DA:434,2
DA:436,4
DA:437,2
DA:438,4
DA:439,2
DA:441,2
DA:442,0
DA:443,0
DA:445,2
DA:446,2
DA:447,2
DA:448,2
DA:450,2
DA:451,2
DA:452,2
DA:453,4
DA:457,0
DA:468,6
DA:470,4
DA:471,12
DA:472,4
DA:473,2
DA:475,2
DA:476,6
DA:477,0
DA:479,0
DA:485,6
DA:489,2
DA:491,2
DA:494,2
DA:496,2
DA:497,4
DA:498,2
DA:500,2
DA:501,2
DA:504,12
DA:505,0
DA:507,0
DA:508,0
DA:509,0
DA:510,0
DA:511,0
DA:515,0
DA:524,4
DA:525,4
DA:527,0
DA:529,0
DA:530,0
DA:532,0
DA:535,0
DA:537,0
DA:538,0
DA:539,0
DA:541,0
DA:542,0
DA:545,0
DA:546,0
DA:547,0
DA:553,0
DA:555,0
DA:558,0
DA:560,0
DA:563,0
DA:564,0
DA:565,0
DA:567,0
DA:570,0
DA:571,0
DA:572,0
DA:573,0
DA:582,0
DA:584,0
DA:587,0
DA:588,0
DA:605,2
DA:606,2
DA:607,2
DA:608,2
DA:610,2
DA:613,2
DA:615,2
DA:616,4
DA:617,2
DA:619,2
DA:620,2
DA:623,12
DA:624,0
DA:625,0
DA:632,2
DA:634,2
DA:636,2
DA:638,2
DA:641,2
DA:644,2
DA:645,4
DA:646,2
DA:648,2
DA:651,2
DA:652,2
DA:653,0
DA:654,0
DA:663,2
DA:665,8
DA:668,2
DA:669,0
DA:692,2
DA:693,2
DA:694,2
DA:705,2
DA:708,2
DA:710,2
DA:714,2
DA:716,2
DA:717,2
DA:718,2
DA:719,2
DA:726,0
DA:727,0
DA:740,6
LF:304
LH:225
end_of_record
SF:lib/widgets/shared_layout.dart
DA:10,2
DA:25,0
DA:26,0
DA:29,0
DA:30,0
DA:33,3
DA:35,3
DA:36,3
DA:38,3
DA:54,3
DA:55,3
DA:56,3
DA:60,6
DA:61,6
DA:65,2
DA:67,9
DA:68,3
DA:69,3
DA:71,3
DA:74,3
DA:75,3
DA:77,3
DA:79,6
DA:80,2
DA:81,2
DA:82,2
DA:87,0
DA:92,3
DA:93,3
DA:97,3
DA:99,3
DA:100,0
DA:101,3
DA:105,0
DA:106,0
DA:107,0
DA:118,2
DA:120,3
DA:123,2
DA:124,2
DA:125,2
DA:126,2
DA:132,2
DA:137,2
DA:138,2
DA:140,2
DA:141,2
DA:142,0
DA:143,2
DA:149,2
DA:158,2
DA:162,2
DA:163,2
DA:165,0
DA:166,0
DA:167,0
DA:170,0
DA:171,0
DA:172,0
DA:173,0
DA:177,0
DA:178,0
DA:179,0
DA:180,0
DA:181,0
DA:182,0
DA:183,0
DA:185,0
DA:187,0
DA:189,0
DA:192,0
DA:193,0
DA:194,0
DA:196,0
DA:197,0
DA:199,0
DA:200,0
DA:201,0
DA:203,0
DA:212,0
DA:213,0
DA:216,2
DA:218,2
DA:230,2
DA:231,0
DA:232,2
DA:239,2
DA:240,0
DA:241,2
DA:250,2
DA:252,2
DA:253,2
DA:254,0
DA:255,2
DA:261,2
DA:269,2
DA:270,0
DA:271,2
DA:284,3
DA:286,3
DA:287,3
DA:291,0
DA:293,3
DA:297,0
DA:300,3
DA:301,3
DA:302,3
DA:303,6
DA:304,3
DA:306,3
DA:307,3
DA:311,0
DA:313,3
DA:314,1
DA:317,1
DA:319,2
DA:321,2
DA:330,1
DA:334,0
DA:335,0
DA:337,0
DA:338,0
DA:340,0
DA:342,0
DA:343,0
DA:344,0
DA:346,0
DA:348,0
DA:351,0
DA:352,0
DA:353,0
DA:354,0
DA:355,0
DA:357,0
DA:359,0
DA:362,0
DA:363,0
DA:364,0
DA:366,0
DA:367,0
DA:371,0
DA:374,0
DA:381,0
DA:382,0
DA:384,0
DA:386,0
DA:387,0
DA:394,0
DA:396,0
DA:397,0
DA:400,0
DA:401,0
DA:402,0
DA:403,0
DA:404,0
DA:405,0
DA:406,0
DA:407,0
DA:408,0
DA:409,0
DA:411,0
DA:418,0
DA:419,0
DA:421,0
DA:422,0
DA:424,0
DA:425,0
DA:427,0
DA:432,0
DA:448,3
DA:458,2
DA:460,0
DA:462,3
DA:464,3
DA:467,6
DA:468,3
DA:469,3
DA:472,3
DA:473,3
DA:474,3
DA:476,3
DA:478,3
DA:479,3
DA:481,3
DA:482,3
DA:483,3
DA:484,3
DA:485,3
DA:492,3
DA:500,3
DA:501,3
DA:503,3
DA:505,3
DA:507,3
DA:509,3
DA:511,3
DA:512,3
DA:514,3
DA:518,3
DA:520,3
DA:521,3
DA:523,3
DA:524,3
DA:525,3
DA:533,3
DA:534,3
DA:535,3
DA:548,3
DA:549,3
DA:550,3
DA:561,3
DA:563,3
DA:564,3
DA:566,3
DA:567,3
DA:568,3
DA:569,3
DA:570,3
DA:575,6
DA:581,3
DA:582,3
DA:583,3
DA:593,3
DA:597,3
DA:598,3
DA:599,3
DA:600,3
DA:601,3
DA:604,1
DA:606,1
DA:614,2
DA:616,2
DA:617,2
DA:619,2
DA:621,2
DA:629,3
DA:630,3
DA:631,3
DA:634,1
DA:635,1
DA:636,1
DA:638,1
DA:639,2
DA:640,2
DA:646,1
DA:659,2
DA:660,2
DA:661,2
DA:662,2
DA:663,4
DA:664,4
DA:668,2
DA:694,2
DA:696,3
DA:698,3
DA:700,3
DA:702,3
DA:703,3
DA:705,6
LF:259
LH:162
end_of_record
SF:lib/pages/collections_page.dart
DA:10,2
DA:17,3
DA:18,1
DA:22,1
DA:26,1
DA:30,1
DA:34,1
DA:38,1
DA:44,1
DA:45,2
DA:46,1
DA:47,0
DA:49,0
DA:51,1
DA:52,0
DA:54,0
DA:56,1
DA:57,0
DA:60,1
DA:65,0
DA:69,0
DA:70,0
DA:71,0
DA:72,0
DA:74,0
DA:76,0
DA:77,0
DA:79,0
DA:81,0
DA:82,0
DA:84,0
DA:88,1
DA:90,1
DA:91,1
DA:92,1
DA:93,1
DA:94,1
DA:95,1
DA:99,1
DA:101,1
DA:103,1
DA:115,2
DA:116,1
DA:118,1
DA:120,0
DA:126,1
DA:129,1
DA:135,2
DA:136,1
DA:137,2
DA:138,1
DA:139,2
DA:140,1
DA:141,1
DA:142,1
DA:144,1
DA:145,1
DA:146,1
DA:148,3
DA:150,1
DA:151,1
DA:152,1
DA:154,1
DA:155,1
DA:184,1
LF:65
LH:47
end_of_record
SF:lib/pages/sale_collection.dart
DA:11,2
DA:17,0
DA:18,0
DA:40,0
DA:41,0
DA:43,0
DA:45,0
DA:47,0
DA:49,0
DA:51,0
DA:52,0
DA:54,0
DA:55,0
DA:56,0
DA:57,0
DA:58,0
DA:59,0
DA:63,0
DA:65,0
DA:67,0
DA:79,0
DA:80,0
DA:82,0
DA:89,0
DA:90,0
DA:91,0
DA:92,0
DA:93,0
DA:94,0
DA:95,0
DA:96,0
DA:101,0
DA:102,0
DA:104,0
DA:106,0
DA:114,0
DA:117,0
DA:123,0
DA:124,0
DA:125,0
DA:126,0
DA:127,0
DA:128,0
DA:130,0
DA:131,0
DA:133,0
DA:135,0
DA:137,0
DA:138,0
DA:140,0
DA:141,0
DA:142,0
DA:143,0
DA:144,0
DA:146,0
DA:148,0
DA:150,0
DA:152,0
DA:154,0
DA:155,0
DA:156,0
DA:160,0
DA:161,0
DA:162,0
DA:164,0
DA:180,0
DA:181,0
DA:183,0
DA:184,0
DA:192,0
LF:70
LH:1
end_of_record
SF:lib/pages/all_products.dart
DA:10,0
DA:16,0
DA:17,0
DA:28,0
DA:32,0
DA:33,0
DA:34,0
DA:35,0
DA:36,0
DA:37,0
DA:38,0
DA:39,0
DA:43,0
DA:45,0
DA:47,0
DA:48,0
DA:50,0
DA:51,0
DA:54,0
DA:56,0
DA:58,0
DA:60,0
DA:61,0
DA:63,0
DA:64,0
DA:65,0
DA:66,0
DA:67,0
DA:68,0
DA:72,0
DA:74,0
DA:76,0
DA:84,0
DA:88,0
DA:89,0
DA:90,0
DA:91,0
DA:92,0
DA:93,0
DA:94,0
DA:95,0
DA:101,0
DA:102,0
DA:104,0
DA:106,0
DA:112,0
DA:115,0
DA:121,0
DA:122,0
DA:123,0
DA:124,0
DA:125,0
DA:126,0
DA:127,0
DA:129,0
DA:130,0
DA:131,0
DA:133,0
DA:134,0
DA:136,0
DA:137,0
DA:138,0
DA:139,0
DA:142,0
DA:144,0
DA:146,0
DA:148,0
DA:150,0
DA:151,0
DA:153,0
DA:154,0
DA:155,0
DA:156,0
DA:157,0
DA:161,0
DA:162,0
DA:168,0
DA:183,0
DA:184,0
DA:186,0
DA:187,0
DA:195,0
LF:82
LH:0
end_of_record
SF:lib/pages/cart_page.dart
DA:10,2
DA:12,2
DA:13,2
DA:25,2
DA:27,2
DA:28,4
DA:29,6
DA:33,2
DA:34,2
DA:36,2
DA:37,2
DA:40,2
DA:41,4
DA:42,0
DA:43,0
DA:44,0
DA:45,0
DA:47,2
DA:56,2
DA:58,2
DA:73,2
DA:76,2
DA:77,4
DA:78,1
DA:79,1
DA:80,2
DA:81,4
DA:83,2
DA:95,6
DA:97,2
DA:99,6
DA:100,4
DA:101,0
DA:103,2
DA:106,2
DA:107,6
DA:108,8
DA:109,4
DA:110,6
DA:112,4
DA:113,14
DA:114,6
DA:115,8
DA:119,2
DA:120,4
DA:121,2
DA:122,4
DA:123,4
DA:125,6
DA:126,6
DA:127,6
DA:128,6
DA:129,2
DA:130,2
DA:131,2
DA:132,2
DA:133,2
DA:134,2
DA:135,2
DA:138,2
DA:139,10
DA:140,4
DA:141,4
DA:142,6
DA:145,4
DA:147,2
DA:149,4
DA:150,2
DA:151,2
DA:152,2
DA:154,2
DA:156,2
DA:157,2
DA:158,2
DA:159,4
DA:160,2
DA:162,2
DA:164,2
DA:166,2
DA:172,4
DA:173,4
DA:175,2
DA:177,2
DA:179,2
DA:180,2
DA:182,2
DA:184,2
DA:191,2
DA:193,2
DA:194,0
DA:200,2
DA:203,2
DA:217,2
DA:218,2
DA:219,2
DA:228,2
DA:231,2
DA:232,2
DA:233,2
DA:234,2
DA:235,6
DA:236,4
DA:237,4
DA:238,8
DA:239,8
DA:240,2
DA:242,2
DA:243,2
DA:245,2
DA:246,2
DA:247,2
DA:248,0
DA:249,2
DA:250,2
DA:251,2
DA:253,2
DA:254,4
DA:258,0
DA:259,2
DA:260,6
DA:264,4
DA:265,0
DA:267,6
DA:269,2
DA:270,6
DA:271,4
DA:280,12
DA:281,2
DA:283,2
DA:284,2
DA:286,2
DA:289,6
DA:294,16
DA:303,4
DA:305,12
DA:306,2
DA:308,2
DA:311,6
DA:317,2
DA:318,2
DA:320,2
DA:321,2
DA:323,2
DA:324,2
DA:326,2
DA:329,2
DA:330,2
DA:332,2
DA:334,4
DA:335,2
DA:342,2
DA:343,0
DA:357,0
DA:358,0
DA:359,0
DA:360,0
DA:361,0
DA:362,0
DA:363,0
DA:364,0
DA:365,0
DA:366,0
DA:367,0
DA:368,0
DA:370,0
DA:372,0
DA:373,0
DA:374,0
DA:375,0
DA:376,0
DA:377,0
DA:379,0
DA:380,0
DA:381,0
DA:382,0
DA:386,0
DA:387,0
DA:388,0
DA:390,0
DA:391,0
DA:393,0
DA:395,0
DA:397,0
DA:398,0
DA:402,0
DA:404,0
DA:406,0
DA:407,0
DA:408,0
DA:410,0
DA:411,0
DA:413,0
DA:421,0
DA:422,0
DA:424,0
DA:427,0
DA:428,0
DA:429,0
DA:432,0
DA:434,0
DA:436,0
DA:449,0
DA:450,0
DA:452,0
DA:453,0
DA:455,0
DA:457,0
DA:460,0
DA:462,0
DA:463,0
DA:464,0
DA:465,0
DA:466,0
DA:467,0
DA:469,0
DA:472,0
DA:473,0
DA:475,0
DA:491,0
DA:492,0
DA:493,0
DA:495,0
DA:498,0
DA:504,0
DA:506,0
DA:507,0
DA:509,0
DA:510,0
DA:511,0
DA:515,0
DA:517,0
DA:519,0
DA:520,0
DA:537,4
LF:234
LH:143
end_of_record
SF:lib/pages/order_confirmation.dart
DA:5,2
DA:6,2
DA:7,6
DA:8,6
DA:9,2
DA:10,6
DA:11,6
DA:12,2
DA:18,2
DA:20,2
DA:22,14
DA:24,2
DA:25,2
DA:26,2
DA:27,2
DA:29,2
DA:31,2
DA:32,2
DA:34,2
DA:36,2
DA:38,2
DA:40,4
DA:41,2
DA:43,2
DA:45,2
DA:50,6
DA:52,12
DA:61,2
DA:63,4
DA:64,2
DA:66,2
DA:68,2
DA:71,4
DA:72,0
DA:74,0
DA:77,2
DA:79,2
DA:80,4
DA:81,1
DA:82,2
DA:83,4
DA:84,4
DA:85,4
DA:86,8
DA:87,8
DA:88,2
DA:90,4
DA:91,8
DA:92,2
DA:95,2
DA:96,6
DA:97,12
DA:105,2
DA:106,2
DA:108,2
DA:109,6
DA:110,8
DA:119,2
DA:120,2
DA:121,2
DA:122,2
DA:123,0
DA:126,2
DA:131,4
DA:140,2
DA:141,2
DA:143,2
DA:144,2
DA:145,0
DA:148,2
DA:153,4
LF:71
LH:67
end_of_record
SF:lib/pages/theprintshack_page.dart
DA:7,2
DA:9,0
DA:10,0
DA:27,0
DA:29,0
DA:30,0
DA:33,0
DA:35,0
DA:36,0
DA:39,0
DA:41,0
DA:43,0
DA:45,0
DA:53,0
DA:55,0
DA:57,0
DA:65,0
DA:67,0
DA:70,0
DA:72,0
DA:73,0
DA:74,0
DA:78,0
DA:79,0
DA:81,0
DA:84,0
DA:86,0
DA:100,0
DA:101,0
DA:102,0
DA:105,0
DA:107,0
DA:108,0
DA:110,0
DA:111,0
DA:113,0
DA:115,0
DA:121,0
DA:122,0
DA:123,0
DA:124,0
DA:130,0
DA:131,0
DA:132,0
DA:133,0
DA:139,0
DA:140,0
DA:141,0
DA:142,0
DA:148,0
DA:149,0
DA:150,0
DA:151,0
DA:157,0
DA:158,0
DA:164,0
DA:165,0
DA:166,0
DA:167,0
DA:168,0
DA:170,0
DA:172,0
DA:173,0
DA:176,0
DA:184,0
DA:185,0
DA:186,0
DA:188,0
DA:190,0
DA:192,0
DA:193,0
DA:194,0
DA:200,0
DA:202,0
DA:203,0
DA:209,0
DA:210,0
DA:221,0
DA:223,0
DA:224,0
DA:226,0
DA:228,0
DA:231,0
DA:234,0
DA:235,0
DA:236,0
DA:237,0
DA:239,0
DA:240,0
DA:241,0
DA:242,0
DA:243,0
DA:244,0
DA:246,0
DA:247,0
DA:249,0
DA:254,0
DA:260,0
DA:262,0
DA:263,0
DA:264,0
DA:266,0
DA:268,0
DA:271,0
DA:272,0
DA:273,0
DA:274,0
DA:275,0
DA:289,0
DA:291,0
DA:292,0
DA:294,0
DA:296,0
DA:297,0
DA:299,0
DA:301,0
DA:307,0
DA:308,0
DA:309,0
DA:310,0
DA:316,0
DA:317,0
DA:318,0
DA:319,0
DA:325,0
DA:326,0
DA:327,0
DA:328,0
DA:334,0
DA:335,0
DA:336,0
DA:337,0
DA:343,0
DA:344,0
DA:350,0
DA:351,0
DA:352,0
DA:353,0
DA:354,0
DA:356,0
DA:358,0
DA:359,0
DA:362,0
DA:370,0
DA:371,0
DA:372,0
DA:374,0
DA:376,0
DA:378,0
DA:379,0
DA:380,0
DA:386,0
DA:388,0
DA:389,0
DA:395,0
DA:396,0
DA:407,0
DA:409,0
DA:411,0
DA:412,0
DA:414,0
DA:415,0
DA:417,0
DA:419,0
DA:422,0
DA:425,0
DA:426,0
DA:427,0
DA:428,0
DA:430,0
DA:431,0
DA:432,0
DA:433,0
DA:434,0
DA:435,0
DA:437,0
DA:438,0
DA:440,0
DA:445,0
DA:455,0
DA:457,0
DA:458,0
DA:459,0
DA:461,0
DA:463,0
DA:466,0
DA:467,0
DA:468,0
DA:469,0
DA:470,0
DA:495,0
DA:496,0
DA:498,0
DA:500,0
LF:194
LH:1
end_of_record
SF:lib/pages/account_page.dart
DA:7,2
DA:9,0
DA:10,0
DA:18,0
DA:20,0
DA:21,0
DA:22,0
DA:23,0
DA:24,0
DA:27,0
DA:28,0
DA:29,0
DA:30,0
DA:31,0
DA:34,0
DA:36,0
DA:37,0
DA:38,0
DA:39,0
DA:42,0
DA:43,0
DA:44,0
DA:45,0
DA:48,0
DA:49,0
DA:52,0
DA:54,0
DA:55,0
DA:56,0
DA:57,0
DA:59,0
DA:61,0
DA:62,0
DA:63,0
DA:64,0
DA:67,0
DA:69,0
DA:70,0
DA:76,0
DA:78,0
DA:79,0
DA:80,0
DA:84,0
DA:92,0
DA:93,0
DA:94,0
DA:107,0
DA:108,0
DA:109,0
DA:111,0
DA:113,0
DA:122,0
DA:124,0
DA:128,0
DA:130,0
DA:132,0
DA:133,0
DA:134,0
DA:136,0
DA:139,0
DA:140,0
DA:144,0
DA:145,0
DA:149,0
DA:150,0
DA:151,0
DA:152,0
DA:153,0
DA:157,0
DA:158,0
DA:159,0
DA:175,0
DA:176,0
DA:177,0
DA:178,0
DA:179,0
DA:180,0
DA:181,0
DA:183,0
DA:185,0
DA:186,0
DA:187,0
DA:194,0
DA:196,0
DA:197,0
DA:198,0
DA:199,0
DA:201,0
DA:203,0
DA:204,0
DA:205,0
DA:206,0
DA:207,0
DA:208,0
DA:209,0
DA:210,0
DA:211,0
DA:213,0
DA:216,0
LF:99
LH:1
end_of_record
SF:lib/pages/login_page.dart
DA:6,2
DA:8,0
DA:9,0
DA:18,0
DA:19,0
DA:21,0
DA:22,0
DA:26,0
DA:27,0
DA:28,0
DA:29,0
DA:30,0
DA:31,0
DA:33,0
DA:36,0
DA:38,0
DA:39,0
DA:40,0
DA:41,0
DA:43,0
DA:45,0
DA:46,0
DA:48,0
DA:49,0
DA:51,0
DA:53,0
DA:57,0
DA:58,0
DA:61,0
DA:62,0
DA:63,0
DA:64,0
DA:69,0
DA:70,0
DA:73,0
DA:75,0
DA:76,0
DA:81,0
DA:82,0
DA:83,0
DA:87,0
DA:92,0
DA:97,0
DA:98,0
DA:99,0
LF:45
LH:1
end_of_record
SF:lib/pages/signup_page.dart
DA:6,2
DA:8,0
DA:9,0
DA:18,0
DA:19,0
DA:21,0
DA:22,0
DA:26,0
DA:27,0
DA:28,0
DA:29,0
DA:30,0
DA:31,0
DA:32,0
DA:35,0
DA:37,0
DA:38,0
DA:39,0
DA:40,0
DA:42,0
DA:44,0
DA:45,0
DA:47,0
DA:48,0
DA:50,0
DA:52,0
DA:56,0
DA:57,0
DA:60,0
DA:61,0
DA:62,0
DA:63,0
DA:68,0
DA:69,0
DA:72,0
DA:74,0
DA:75,0
DA:80,0
DA:81,0
DA:82,0
DA:86,0
DA:91,0
LF:42
LH:1
end_of_record
SF:lib/models/auth.dart
DA:10,1
DA:12,3
DA:21,3
DA:24,3
DA:27,1
DA:28,3
DA:29,2
DA:33,1
DA:34,3
DA:35,2
DA:39,1
DA:40,2
DA:42,3
DA:46,1
DA:47,2
DA:48,2
DA:50,2
LF:17
LH:17
end_of_record
SF:lib/models/orders.dart
DA:11,3
DA:26,4
DA:28,18
DA:29,24
DA:35,12
DA:37,4
DA:38,8
DA:39,4
DA:42,3
DA:43,6
DA:44,3
DA:48,9
LF:12
LH:12
end_of_record
SF:lib/models/cart.dart
DA:12,4
DA:24,4
DA:25,8
DA:26,8
DA:27,16
DA:28,1
DA:29,16
DA:36,12
DA:38,28
DA:40,4
DA:41,4
DA:42,8
DA:43,5
DA:45,12
DA:46,4
DA:47,4
DA:48,4
DA:49,4
DA:50,4
DA:51,4
DA:52,4
DA:55,4
DA:58,1
DA:59,2
DA:60,1
DA:63,2
DA:64,4
DA:65,2
DA:66,2
DA:68,6
DA:70,2
DA:74,3
DA:75,6
DA:76,3
DA:82,9
LF:35
LH:35
end_of_record
